<?xml version="1.0" encoding="UTF-8"?>
<testsuite xmlns:xsi="http://www.w3.org/2001/XMLSchema-instance" xsi:noNamespaceSchemaLocation="https://maven.apache.org/surefire/maven-surefire-plugin/xsd/surefire-test-report.xsd" version="3.0.2" name="com.proyecto.proyecto.controller.ClienteControllerTest" time="7.05" tests="5" errors="0" skipped="0" failures="2">
  <properties>
[...]
</properties>
  <testcase name="testEliminarCliente" classname="com.proyecto.proyecto.controller.ClienteControllerTest" time="0.172">
    <system-out><![CDATA[08:28:24.525 [main] INFO org.springframework.test.context.support.AnnotationConfigContextLoaderUtils -- Could not detect default configuration classes for test class [com.proyecto.proyecto.controller.ClienteControllerTest]: ClienteControllerTest does not declare any static, non-private, non-final, nested classes annotated with @Configuration.
08:28:24.657 [main] INFO org.springframework.boot.test.context.SpringBootTestContextBootstrapper -- Found @SpringBootConfiguration com.proyecto.proyecto.ProyectoApplication for test class com.proyecto.proyecto.controller.ClienteControllerTest

  .   ____          _            __ _ _
 /\\ / ___'_ __ _ _(_)_ __  __ _ \ \ \ \
( ( )\___ | '_ | '_| | '_ \/ _` | \ \ \ \
 \\/  ___)| |_)| | | | | || (_| |  ) ) ) )
  '  |____| .__|_| |_|_| |_\__, | / / / /
 =========|_|==============|___/=/_/_/_/

 :: Spring Boot ::                (v3.4.0)

2025-05-19T08:28:25.000+01:00  INFO 10872 --- [responsivemeals] [           main] c.p.p.controller.ClienteControllerTest   : Starting ClienteControllerTest using Java 23.0.1 with PID 10872 (started by Cristian in C:\Users\Cristian\Documents\Proyecto\back)
2025-05-19T08:28:25.001+01:00  INFO 10872 --- [responsivemeals] [           main] c.p.p.controller.ClienteControllerTest   : No active profile set, falling back to 1 default profile: "default"
2025-05-19T08:28:25.771+01:00  INFO 10872 --- [responsivemeals] [           main] .s.d.r.c.RepositoryConfigurationDelegate : Bootstrapping Spring Data JPA repositories in DEFAULT mode.
2025-05-19T08:28:25.823+01:00  INFO 10872 --- [responsivemeals] [           main] .s.d.r.c.RepositoryConfigurationDelegate : Finished Spring Data repository scanning in 44 ms. Found 5 JPA repository interfaces.
2025-05-19T08:28:26.424+01:00  INFO 10872 --- [responsivemeals] [           main] o.hibernate.jpa.internal.util.LogHelper  : HHH000204: Processing PersistenceUnitInfo [name: default]
2025-05-19T08:28:26.479+01:00  INFO 10872 --- [responsivemeals] [           main] org.hibernate.Version                    : HHH000412: Hibernate ORM core version 6.6.2.Final
2025-05-19T08:28:26.510+01:00  INFO 10872 --- [responsivemeals] [           main] o.h.c.internal.RegionFactoryInitiator    : HHH000026: Second-level cache disabled
2025-05-19T08:28:26.804+01:00  INFO 10872 --- [responsivemeals] [           main] o.s.o.j.p.SpringPersistenceUnitInfo      : No LoadTimeWeaver setup: ignoring JPA class transformer
2025-05-19T08:28:26.830+01:00  INFO 10872 --- [responsivemeals] [           main] com.zaxxer.hikari.HikariDataSource       : HikariPool-1 - Starting...
2025-05-19T08:28:27.133+01:00  INFO 10872 --- [responsivemeals] [           main] com.zaxxer.hikari.pool.HikariPool        : HikariPool-1 - Added connection com.mysql.cj.jdbc.ConnectionImpl@6cb662e8
2025-05-19T08:28:27.135+01:00  INFO 10872 --- [responsivemeals] [           main] com.zaxxer.hikari.HikariDataSource       : HikariPool-1 - Start completed.
2025-05-19T08:28:27.186+01:00  WARN 10872 --- [responsivemeals] [           main] org.hibernate.orm.deprecation            : HHH90000025: MySQLDialect does not need to be specified explicitly using 'hibernate.dialect' (remove the property setting and it will be selected by default)
2025-05-19T08:28:27.203+01:00  INFO 10872 --- [responsivemeals] [           main] org.hibernate.orm.connections.pooling    : HHH10001005: Database info:
	Database JDBC URL [Connecting through datasource 'HikariDataSource (HikariPool-1)']
	Database driver: undefined/unknown
	Database version: 8.0.40
	Autocommit mode: undefined/unknown
	Isolation level: undefined/unknown
	Minimum pool size: undefined/unknown
	Maximum pool size: undefined/unknown
2025-05-19T08:28:28.082+01:00  INFO 10872 --- [responsivemeals] [           main] o.h.e.t.j.p.i.JtaPlatformInitiator       : HHH000489: No JTA platform available (set 'hibernate.transaction.jta.platform' to enable JTA platform integration)
Hibernate: alter table cliente modify column telefono varchar(9) not null
Hibernate: alter table cliente add column token varchar(255)
Hibernate: alter table cliente add column id_suscripcion bigint
Hibernate: alter table comidas add column carbohidratos float(53) not null
Hibernate: alter table comidas add column fibra float(53) not null
Hibernate: alter table comidas add column grasas float(53) not null
Hibernate: alter table comidas add column img varchar(255)
Hibernate: alter table comidas add column proteinas float(53) not null
Hibernate: alter table comidas add column racion float(53) not null
Hibernate: alter table comidas add column valenergetico float(53) not null
Hibernate: create table suscripcion (id_suscripcion bigint not null auto_increment, cantidad_platos float(53) not null, descripcion varchar(255) not null, nombre varchar(255) not null, precio float(53) not null, primary key (id_suscripcion)) engine=InnoDB
Hibernate: alter table cliente add constraint FKavau3h1x0oo4kkgo9gwt0td33 foreign key (id_suscripcion) references suscripcion (id_suscripcion)
2025-05-19T08:28:29.055+01:00  INFO 10872 --- [responsivemeals] [           main] j.LocalContainerEntityManagerFactoryBean : Initialized JPA EntityManagerFactory for persistence unit 'default'
2025-05-19T08:28:29.386+01:00  INFO 10872 --- [responsivemeals] [           main] o.s.d.j.r.query.QueryEnhancerFactory     : Hibernate is in classpath; If applicable, HQL parser will be used.
2025-05-19T08:28:29.897+01:00  WARN 10872 --- [responsivemeals] [           main] JpaBaseConfiguration$JpaWebConfiguration : spring.jpa.open-in-view is enabled by default. Therefore, database queries may be performed during view rendering. Explicitly configure spring.jpa.open-in-view to disable this warning
2025-05-19T08:28:29.926+01:00  WARN 10872 --- [responsivemeals] [           main] .s.s.UserDetailsServiceAutoConfiguration : 

Using generated security password: 8d93c00f-a18b-4ad3-a3da-faca134b0b4c

This generated password is for development use only. Your security configuration must be updated before running your application in production.

2025-05-19T08:28:29.941+01:00  INFO 10872 --- [responsivemeals] [           main] r$InitializeUserDetailsManagerConfigurer : Global AuthenticationManager configured with UserDetailsService bean with name inMemoryUserDetailsManager
2025-05-19T08:28:30.406+01:00  INFO 10872 --- [responsivemeals] [           main] o.s.b.a.e.web.EndpointLinksResolver      : Exposing 1 endpoint beneath base path '/actuator'
2025-05-19T08:28:30.898+01:00  INFO 10872 --- [responsivemeals] [           main] c.p.p.controller.ClienteControllerTest   : Started ClienteControllerTest in 6.121 seconds (process running for 6.985)
2025-05-19T08:28:31.184+01:00  INFO 10872 --- [responsivemeals] [           main] o.s.mock.web.MockServletContext          : Initializing Spring TestDispatcherServlet ''
2025-05-19T08:28:31.184+01:00  INFO 10872 --- [responsivemeals] [           main] o.s.t.web.servlet.TestDispatcherServlet  : Initializing Servlet ''
2025-05-19T08:28:31.184+01:00  INFO 10872 --- [responsivemeals] [           main] o.s.t.web.servlet.TestDispatcherServlet  : Completed initialization in 0 ms
]]></system-out>
  </testcase>
  <testcase name="testCrearCliente" classname="com.proyecto.proyecto.controller.ClienteControllerTest" time="0.046">
    <failure message="Status expected:&lt;200&gt; but was:&lt;400&gt;" type="java.lang.AssertionError"><![CDATA[java.lang.AssertionError: Status expected:<200> but was:<400>
	at org.springframework.test.util.AssertionErrors.fail(AssertionErrors.java:61)
	at org.springframework.test.util.AssertionErrors.assertEquals(AssertionErrors.java:128)
	at org.springframework.test.web.servlet.result.StatusResultMatchers.lambda$matcher$9(StatusResultMatchers.java:640)
	at org.springframework.test.web.servlet.MockMvc$1.andExpect(MockMvc.java:214)
	at com.proyecto.proyecto.controller.ClienteControllerTest.testCrearCliente(ClienteControllerTest.java:78)
	at java.base/java.lang.reflect.Method.invoke(Method.java:580)
	at java.base/java.util.ArrayList.forEach(ArrayList.java:1597)
	at java.base/java.util.ArrayList.forEach(ArrayList.java:1597)
]]></failure>
    <system-out><![CDATA[2025-05-19T08:28:31.339+01:00  INFO 10872 --- [responsivemeals] [           main] o.s.mock.web.MockServletContext          : Initializing Spring TestDispatcherServlet ''
2025-05-19T08:28:31.339+01:00  INFO 10872 --- [responsivemeals] [           main] o.s.t.web.servlet.TestDispatcherServlet  : Initializing Servlet ''
2025-05-19T08:28:31.340+01:00  INFO 10872 --- [responsivemeals] [           main] o.s.t.web.servlet.TestDispatcherServlet  : Completed initialization in 1 ms
2025-05-19T08:28:31.373+01:00  WARN 10872 --- [responsivemeals] [           main] .w.s.m.s.DefaultHandlerExceptionResolver : Resolved [org.springframework.http.converter.HttpMessageNotReadableException: JSON parse error: Cannot deserialize value of type `long` from String "PREMIUM": not a valid `long` value]
]]></system-out>
  </testcase>
  <testcase name="testObtenerClientes" classname="com.proyecto.proyecto.controller.ClienteControllerTest" time="0.02">
    <system-out><![CDATA[2025-05-19T08:28:31.388+01:00  INFO 10872 --- [responsivemeals] [           main] o.s.mock.web.MockServletContext          : Initializing Spring TestDispatcherServlet ''
2025-05-19T08:28:31.389+01:00  INFO 10872 --- [responsivemeals] [           main] o.s.t.web.servlet.TestDispatcherServlet  : Initializing Servlet ''
2025-05-19T08:28:31.389+01:00  INFO 10872 --- [responsivemeals] [           main] o.s.t.web.servlet.TestDispatcherServlet  : Completed initialization in 0 ms
]]></system-out>
  </testcase>
  <testcase name="testObtenerClientePorId" classname="com.proyecto.proyecto.controller.ClienteControllerTest" time="0.011">
    <system-out><![CDATA[2025-05-19T08:28:31.409+01:00  INFO 10872 --- [responsivemeals] [           main] o.s.mock.web.MockServletContext          : Initializing Spring TestDispatcherServlet ''
2025-05-19T08:28:31.409+01:00  INFO 10872 --- [responsivemeals] [           main] o.s.t.web.servlet.TestDispatcherServlet  : Initializing Servlet ''
2025-05-19T08:28:31.409+01:00  INFO 10872 --- [responsivemeals] [           main] o.s.t.web.servlet.TestDispatcherServlet  : Completed initialization in 0 ms
]]></system-out>
  </testcase>
  <testcase name="testActualizarCliente" classname="com.proyecto.proyecto.controller.ClienteControllerTest" time="0.015">
    <failure message="Status expected:&lt;200&gt; but was:&lt;400&gt;" type="java.lang.AssertionError"><![CDATA[java.lang.AssertionError: Status expected:<200> but was:<400>
	at org.springframework.test.util.AssertionErrors.fail(AssertionErrors.java:61)
	at org.springframework.test.util.AssertionErrors.assertEquals(AssertionErrors.java:128)
	at org.springframework.test.web.servlet.result.StatusResultMatchers.lambda$matcher$9(StatusResultMatchers.java:640)
	at org.springframework.test.web.servlet.MockMvc$1.andExpect(MockMvc.java:214)
	at com.proyecto.proyecto.controller.ClienteControllerTest.testActualizarCliente(ClienteControllerTest.java:123)
	at java.base/java.lang.reflect.Method.invoke(Method.java:580)
	at java.base/java.util.ArrayList.forEach(ArrayList.java:1597)
	at java.base/java.util.ArrayList.forEach(ArrayList.java:1597)
]]></failure>
    <system-out><![CDATA[2025-05-19T08:28:31.422+01:00  INFO 10872 --- [responsivemeals] [           main] o.s.mock.web.MockServletContext          : Initializing Spring TestDispatcherServlet ''
2025-05-19T08:28:31.422+01:00  INFO 10872 --- [responsivemeals] [           main] o.s.t.web.servlet.TestDispatcherServlet  : Initializing Servlet ''
2025-05-19T08:28:31.423+01:00  INFO 10872 --- [responsivemeals] [           main] o.s.t.web.servlet.TestDispatcherServlet  : Completed initialization in 1 ms
2025-05-19T08:28:31.426+01:00  WARN 10872 --- [responsivemeals] [           main] .w.s.m.s.DefaultHandlerExceptionResolver : Resolved [org.springframework.http.converter.HttpMessageNotReadableException: JSON parse error: Cannot deserialize value of type `long` from String "PREMIUM": not a valid `long` value]
]]></system-out>
  </testcase>
</testsuite>